Fri Mar 18 11:50:33 NZDT 2016 : Apache Derby Network Server - 10.11.1.2 - (1629631) started and ready to accept connections on port 1527
----------------------------------------------------------------
Fri Mar 18 11:50:33 NZDT 2016:
Booting Derby version The Apache Software Foundation - Apache Derby - 10.11.1.2 - (1629631): instance a816c00e-0153-86c5-e0cf-ffffb9174314 
on database directory H:\DMS\Swag\db\Swag with class loader sun.misc.Launcher$AppClassLoader@5e2de80c 
Loaded from file:/C:/Program%20Files/Java/jdk/db/lib/derby.jar
java.vendor=Oracle Corporation
java.runtime.version=1.8.0_66-b17
user.dir=C:\Program Files\Java\jdk\db
os.name=Windows 10
os.arch=amd64
os.version=10.0
derby.system.home=H:\DMS\Swag\db
Database Class Loader started - derby.database.classpath=''
----------------------------------------------------------------
Fri Mar 18 11:50:46 NZDT 2016:
Shutting down instance a816c00e-0153-86c5-e0cf-ffffb9174314 on database directory H:\DMS\Swag\db\Swag with class loader sun.misc.Launcher$AppClassLoader@5e2de80c 
Fri Mar 18 11:50:47 NZDT 2016 Thread[DRDAConnThread_3,5,main] (DATABASE = Swag), (DRDAID = {2}), Database 'Swag' shutdown.
----------------------------------------------------------------
Fri Mar 18 12:20:17 NZDT 2016: Shutting down Derby engine
----------------------------------------------------------------
